mode: set
github.com/Aoi020608/bookings/cmd/web/main.go:23.13,27.16 2 0
github.com/Aoi020608/bookings/cmd/web/main.go:31.2,38.16 4 0
github.com/Aoi020608/bookings/cmd/web/main.go:27.16,29.3 1 0
github.com/Aoi020608/bookings/cmd/web/main.go:41.18,57.16 10 1
github.com/Aoi020608/bookings/cmd/web/main.go:61.2,69.12 6 1
github.com/Aoi020608/bookings/cmd/web/main.go:57.16,59.3 1 0
github.com/Aoi020608/bookings/cmd/web/middleware.go:10.45,20.2 3 1
github.com/Aoi020608/bookings/cmd/web/middleware.go:23.50,25.2 1 1
github.com/Aoi020608/bookings/cmd/web/routes.go:12.49,41.2 18 1
