mode: set
github.com/Aoi020608/bookings/internal/forms/forms.go:19.29,21.2 1 1
github.com/Aoi020608/bookings/internal/forms/forms.go:24.33,29.2 1 1
github.com/Aoi020608/bookings/internal/forms/forms.go:32.43,33.31 1 1
github.com/Aoi020608/bookings/internal/forms/forms.go:33.31,35.37 2 1
github.com/Aoi020608/bookings/internal/forms/forms.go:35.37,37.4 1 1
github.com/Aoi020608/bookings/internal/forms/forms.go:43.56,45.13 2 1
github.com/Aoi020608/bookings/internal/forms/forms.go:49.2,49.14 1 1
github.com/Aoi020608/bookings/internal/forms/forms.go:45.13,48.3 2 0
github.com/Aoi020608/bookings/internal/forms/forms.go:53.74,55.21 2 0
github.com/Aoi020608/bookings/internal/forms/forms.go:59.2,59.13 1 0
github.com/Aoi020608/bookings/internal/forms/forms.go:55.21,58.3 2 0
github.com/Aoi020608/bookings/internal/forms/forms.go:63.38,64.40 1 0
github.com/Aoi020608/bookings/internal/forms/forms.go:64.40,66.3 1 0
github.com/Aoi020608/bookings/internal/forms/errors.go:6.44,9.2 1 1
github.com/Aoi020608/bookings/internal/forms/errors.go:12.42,14.18 2 0
github.com/Aoi020608/bookings/internal/forms/errors.go:18.2,18.14 1 0
github.com/Aoi020608/bookings/internal/forms/errors.go:14.18,16.3 1 0
